app/build/intermediates/manifest_merge_blame_file/debug/manifest-merger-blame-debug-report.txt
1<?xml version="1.0" encoding="utf-8"?>
2<manifest xmlns:android="http://schemas.android.com/apk/res/android"
3    package="com.lisa.app"
4    android:versionCode="1"
5    android:versionName="0.1" >
6
7    <uses-sdk
8        android:minSdkVersion="26"
9        android:targetSdkVersion="34" />
10
11    <application
11-->src/main/AndroidManifest.xml:3:5-14:19
12        android:allowBackup="true"
12-->src/main/AndroidManifest.xml:6:9-35
13        android:debuggable="true"
14        android:extractNativeLibs="false"
15        android:icon="@drawable/ic_launcher"
15-->src/main/AndroidManifest.xml:5:9-45
16        android:label="Lisa" >
16-->src/main/AndroidManifest.xml:4:9-29
17        <activity
17-->src/main/AndroidManifest.xml:7:9-13:20
18            android:name="com.lisa.app.MainActivity"
18-->src/main/AndroidManifest.xml:7:19-47
19            android:exported="true" >
19-->src/main/AndroidManifest.xml:8:13-36
20            <intent-filter>
20-->src/main/AndroidManifest.xml:9:13-12:29
21                <action android:name="android.intent.action.MAIN" />
21-->src/main/AndroidManifest.xml:10:17-69
21-->src/main/AndroidManifest.xml:10:25-66
22
23                <category android:name="android.intent.category.LAUNCHER" />
23-->src/main/AndroidManifest.xml:11:17-77
23-->src/main/AndroidManifest.xml:11:27-74
24            </intent-filter>
25        </activity>
26    </application>
27
28</manifest>